<html xmlns:math="http://exslt.org/math" xmlns:testng="http://testng.org">
   <head>
      <title>TestNG Results</title>
      <meta http-equiv="content-type" content="text/html; charset=utf-8"></meta>
      <meta http-equiv="pragma" content="no-cache"></meta>
      <meta http-equiv="cache-control" content="max-age=0"></meta>
      <meta http-equiv="cache-control" content="no-cache"></meta>
      <meta http-equiv="cache-control" content="no-store"></meta>
      <LINK rel="stylesheet" href="style.css"></LINK>
      <script type="text/javascript" src="main.js"></script>
   </head>
   <body>
      <table width="100%" style="font-size: 16px; margin-bottom: 10px;" cellspacing="1">
         <tr>
            <td width="100%">
               Test case
               
               <b>$50 Gift Card test</b>
            </td>
            <td style="background-color: #FFBBBB; padding: 3px 3px 3px 0;" align="center">
               <div style="width: 50px;">6</div>
            </td>
            <td style="background-color: lightgreen; padding: 3px 3px 3px 0;" align="center">
               <div style="width: 50px;">0</div>
            </td>
            <td style="background-color: #FFFFBB; padding: 3px 3px 3px 0;" align="center">
               <div style="width: 50px;">0</div>
            </td>
            <td align="center" style="background-color: #eaf0f7; padding: 3px 3px 3px 0;">
               <div style="width: 50px;">6</div>
            </td>
            <td align="center"
                style="font-weight: bold; background-color: #eaf0f7; padding: 3px 3px 3px 0;">
               <div style="width: 50px;">0%</div>
            </td>
            <td style="background-color: #eaf0f7; padding: 3px 3px 3px 0;" align="center"
                nowrap="true">6s
               
            </td>
         </tr>
      </table>
      <div style="width: 200px;">
         <label for="groupMethodsCheckBox" style="font-weight: bold; margin: 0;">
            <input id="groupMethodsCheckBox" type="checkbox" onclick="switchTestMethodsView(this)"></input>
            Group by class
            
         </label>
         <br></br>
         <label for="methodsFilter_ALL" style="font-weight: bold; margin: 0;">
            <input id="methodsFilter_ALL" type="checkbox"
                   onclick="testMethodsFilterChanged(this, 'ALL')"></input>
            All
            
         </label>
      </div>
      <label for="methodsFilter_FAIL" style="margin-left: 20px;">
         <input id="methodsFilter_FAIL" type="checkbox"
                onclick="testMethodsFilterChanged(this, 'FAIL')"
                checked=""></input>
         Failed
         
      </label>
      <label for="methodsFilter_PASS">
         <input id="methodsFilter_PASS" type="checkbox"
                onclick="testMethodsFilterChanged(this, 'PASS')"
                checked=""></input>
         Passed
         
      </label>
      <label for="methodsFilter_SKIP">
         <input id="methodsFilter_SKIP" type="checkbox"
                onclick="testMethodsFilterChanged(this, 'SKIP')"
                checked=""></input>
         Skipped
         
      </label>
      <label for="methodsFilter_CONF">
         <input id="methodsFilter_CONF" type="checkbox"
                onclick="testMethodsFilterChanged(this, 'CONF')"></input>
         Config
         
      </label>
      <br></br>
      <div id="testMethodsByStatus">
         <table class="testMethodsTable" cellpadding="0" cellspacing="0">
            <tr class="methodsTableHeader">
               <td width="100%">Name</td>
               <td nowrap="true">Started</td>
               <td nowrap="true">Duration</td>
               <td>Exception</td>
            </tr>
            <tr id="TestCases.TestGift_50_TestgiftExistingToNew_byStatus_failed_FAIL1_row"
                class="testMethodStatusFAIL">
               <td width="100%" class="firstMethodCell">
                  <a onclick="toggleDetailsVisibility('TestCases.TestGift_50_TestgiftExistingToNew_byStatus_failed_FAIL1_details')">TestgiftExistingToNew()</a>
               </td>
               <td nowrap="true">12:10:50</td>
               <td nowrap="true" align="right">16 ms
                  
               </td>
               <td nowrap="true">
                  <a onclick="toggleDetailsVisibility('TestCases.TestGift_50_TestgiftExistingToNew_byStatus_failed_FAIL1_exception')">org.openqa.selenium.ElementNotVisibleException: 
                     element not visible
                     (Session info: chrome=39.0.2171.71)
                     (Driver info: chromedriver=2.9.248315,platform=Windows NT 6.1 x86) (WARNING: The server did not provide any stacktrace information)
                     Command duration or timeout: 16 milliseconds
                     Build info: version: '2.44.0', revision: '76d78cf', time: '2014-10-23 20:03:00'
                     System info: host: 'WIN-BVRET0KIAI3', ip: '192.168.58.130', os.name: 'Windows 7', os.arch: 'x86', os.version: '6.1', java.version:
                     '1.8.0_25'
                     Driver info: org.openqa.selenium.chrome.ChromeDriver
                     Capabilities [{applicationCacheEnabled=false, rotatable=false, chrome={userDataDir=C:\Users\JATIN\AppData\Local\Temp\scoped_dir3820_1141},
                     takesHeapSnapshot=true, databaseEnabled=false, handlesAlerts=true, version=39.0.2171.71, platform=XP, browserConnectionEnabled=false,
                     nativeEvents=true, acceptSslCerts=true, locationContextEnabled=true, webStorageEnabled=true, browserName=chrome, takesScreenshot=true,
                     javascriptEnabled=true, cssSelectorsEnabled=true}]
                     Session ID: 621a2920501b0a1a6f5c10b8077e5742
                     
                  </a>
                   
                  
               </td>
            </tr>
            <tr>
               <td colspan="4" class="detailsBox">
                  <div id="TestCases.TestGift_50_TestgiftExistingToNew_byStatus_failed_FAIL1_details"
                       class="testMethodDetails">
                     <div>
                        <b>Name: </b>TestgiftExistingToNew
                     </div>
                     <div>
                        <b>Signature: </b>TestgiftExistingToNew()[pri:0, instance:TestCases.TestGift_50@66d33a]
                     </div>
                     <div>
                        <b>Start time: </b>12:10:50
                     </div>
                     <div>
                        <b>End time: </b>12:10:50
                     </div>
                     <div>
                        <b>Duration: </b>16 ms
                        
                     </div>
                  </div>
               </td>
            </tr>
            <tr>
               <td colspan="4" class="detailsBox">
                  <div id="TestCases.TestGift_50_TestgiftExistingToNew_byStatus_failed_FAIL1_exception"
                       class="testMethodDetails">
                     <pre style="padding: 5px; margin: 0;">org.openqa.selenium.ElementNotVisibleException: element not visible
                        (Session info: chrome=39.0.2171.71)
                        (Driver info: chromedriver=2.9.248315,platform=Windows NT 6.1 x86) (WARNING: The server did not provide any stacktrace information)
                        Command duration or timeout: 16 milliseconds
                        Build info: version: '2.44.0', revision: '76d78cf', time: '2014-10-23 20:03:00'
                        System info: host: 'WIN-BVRET0KIAI3', ip: '192.168.58.130', os.name: 'Windows 7', os.arch: 'x86', os.version: '6.1', java.version:
                        '1.8.0_25'
                        Driver info: org.openqa.selenium.chrome.ChromeDriver
                        Capabilities [{applicationCacheEnabled=false, rotatable=false, chrome={userDataDir=C:\Users\JATIN\AppData\Local\Temp\scoped_dir3820_1141},
                        takesHeapSnapshot=true, databaseEnabled=false, handlesAlerts=true, version=39.0.2171.71, platform=XP, browserConnectionEnabled=false,
                        nativeEvents=true, acceptSslCerts=true, locationContextEnabled=true, webStorageEnabled=true, browserName=chrome, takesScreenshot=true,
                        javascriptEnabled=true, cssSelectorsEnabled=true}]
                        Session ID: 621a2920501b0a1a6f5c10b8077e5742
                        	at sun.reflect.NativeConstructorAccessorImpl.newInstance0(Native Method)
                        	at sun.reflect.NativeConstructorAccessorImpl.newInstance(Unknown Source)
                        	at sun.reflect.DelegatingConstructorAccessorImpl.newInstance(Unknown Source)
                        	at java.lang.reflect.Constructor.newInstance(Unknown Source)
                        	at org.openqa.selenium.remote.ErrorHandler.createThrowable(ErrorHandler.java:204)
                        	at org.openqa.selenium.remote.ErrorHandler.throwIfResponseFailed(ErrorHandler.java:156)
                        	at org.openqa.selenium.remote.RemoteWebDriver.execute(RemoteWebDriver.java:599)
                        	at org.openqa.selenium.remote.RemoteWebElement.execute(RemoteWebElement.java:268)
                        	at org.openqa.selenium.remote.RemoteWebElement.click(RemoteWebElement.java:79)
                        	at core.GiftExistingToNew.giftExistingUserToNewUser_50(GiftExistingToNew.java:90)
                        	at TestCases.TestGift_50.TestgiftExistingToNew(TestGift_50.java:22)
                        	at sun.reflect.NativeMethodAccessorImpl.invoke0(Native Method)
                        	at sun.reflect.NativeMethodAccessorImpl.invoke(Unknown Source)
                        	at sun.reflect.DelegatingMethodAccessorImpl.invoke(Unknown Source)
                        	at java.lang.reflect.Method.invoke(Unknown Source)
                        	at org.testng.internal.MethodInvocationHelper.invokeMethod(MethodInvocationHelper.java:84)
                        	at org.testng.internal.Invoker.invokeMethod(Invoker.java:714)
                        	at org.testng.internal.Invoker.invokeTestMethod(Invoker.java:901)
                        	at org.testng.internal.Invoker.invokeTestMethods(Invoker.java:1231)
                        	at org.testng.internal.TestMethodWorker.invokeTestMethods(TestMethodWorker.java:127)
                        	at org.testng.internal.TestMethodWorker.run(TestMethodWorker.java:111)
                        	at org.testng.TestRunner.privateRun(TestRunner.java:767)
                        	at org.testng.TestRunner.run(TestRunner.java:617)
                        	at org.testng.SuiteRunner.runTest(SuiteRunner.java:334)
                        	at org.testng.SuiteRunner.runSequentially(SuiteRunner.java:329)
                        	at org.testng.SuiteRunner.privateRun(SuiteRunner.java:291)
                        	at org.testng.SuiteRunner.run(SuiteRunner.java:240)
                        	at org.testng.SuiteRunnerWorker.runSuite(SuiteRunnerWorker.java:52)
                        	at org.testng.SuiteRunnerWorker.run(SuiteRunnerWorker.java:86)
                        	at org.testng.TestNG.runSuitesSequentially(TestNG.java:1224)
                        	at org.testng.TestNG.runSuitesLocally(TestNG.java:1149)
                        	at org.testng.TestNG.run(TestNG.java:1057)
                        	at org.testng.TestNG.privateMain(TestNG.java:1364)
                        	at org.testng.TestNG.main(TestNG.java:1333)
                     </pre>
                  </div>
               </td>
            </tr>
            <tr id="TestCases.TestGift_50_TestgiftExistingToExisting_byStatus_failed_FAIL2_row"
                class="testMethodStatusFAIL">
               <td width="100%" class="firstMethodCell">
                  <a onclick="toggleDetailsVisibility('TestCases.TestGift_50_TestgiftExistingToExisting_byStatus_failed_FAIL2_details')">TestgiftExistingToExisting()</a>
               </td>
               <td nowrap="true">12:10:50</td>
               <td nowrap="true" align="right">31 ms
                  
               </td>
               <td nowrap="true">
                  <a onclick="toggleDetailsVisibility('TestCases.TestGift_50_TestgiftExistingToExisting_byStatus_failed_FAIL2_exception')">org.openqa.selenium.ElementNotVisibleException: 
                     element not visible
                     (Session info: chrome=39.0.2171.71)
                     (Driver info: chromedriver=2.9.248315,platform=Windows NT 6.1 x86) (WARNING: The server did not provide any stacktrace information)
                     Command duration or timeout: 16 milliseconds
                     Build info: version: '2.44.0', revision: '76d78cf', time: '2014-10-23 20:03:00'
                     System info: host: 'WIN-BVRET0KIAI3', ip: '192.168.58.130', os.name: 'Windows 7', os.arch: 'x86', os.version: '6.1', java.version:
                     '1.8.0_25'
                     Driver info: org.openqa.selenium.chrome.ChromeDriver
                     Capabilities [{applicationCacheEnabled=false, rotatable=false, chrome={userDataDir=C:\Users\JATIN\AppData\Local\Temp\scoped_dir3820_1141},
                     takesHeapSnapshot=true, databaseEnabled=false, handlesAlerts=true, version=39.0.2171.71, platform=XP, browserConnectionEnabled=false,
                     nativeEvents=true, acceptSslCerts=true, locationContextEnabled=true, webStorageEnabled=true, browserName=chrome, takesScreenshot=true,
                     javascriptEnabled=true, cssSelectorsEnabled=true}]
                     Session ID: 621a2920501b0a1a6f5c10b8077e5742
                     
                  </a>
                   
                  
               </td>
            </tr>
            <tr>
               <td colspan="4" class="detailsBox">
                  <div id="TestCases.TestGift_50_TestgiftExistingToExisting_byStatus_failed_FAIL2_details"
                       class="testMethodDetails">
                     <div>
                        <b>Name: </b>TestgiftExistingToExisting
                     </div>
                     <div>
                        <b>Signature: </b>TestgiftExistingToExisting()[pri:0, instance:TestCases.TestGift_50@66d33a]
                     </div>
                     <div>
                        <b>Start time: </b>12:10:50
                     </div>
                     <div>
                        <b>End time: </b>12:10:50
                     </div>
                     <div>
                        <b>Duration: </b>31 ms
                        
                     </div>
                  </div>
               </td>
            </tr>
            <tr>
               <td colspan="4" class="detailsBox">
                  <div id="TestCases.TestGift_50_TestgiftExistingToExisting_byStatus_failed_FAIL2_exception"
                       class="testMethodDetails">
                     <pre style="padding: 5px; margin: 0;">org.openqa.selenium.ElementNotVisibleException: element not visible
                        (Session info: chrome=39.0.2171.71)
                        (Driver info: chromedriver=2.9.248315,platform=Windows NT 6.1 x86) (WARNING: The server did not provide any stacktrace information)
                        Command duration or timeout: 16 milliseconds
                        Build info: version: '2.44.0', revision: '76d78cf', time: '2014-10-23 20:03:00'
                        System info: host: 'WIN-BVRET0KIAI3', ip: '192.168.58.130', os.name: 'Windows 7', os.arch: 'x86', os.version: '6.1', java.version:
                        '1.8.0_25'
                        Driver info: org.openqa.selenium.chrome.ChromeDriver
                        Capabilities [{applicationCacheEnabled=false, rotatable=false, chrome={userDataDir=C:\Users\JATIN\AppData\Local\Temp\scoped_dir3820_1141},
                        takesHeapSnapshot=true, databaseEnabled=false, handlesAlerts=true, version=39.0.2171.71, platform=XP, browserConnectionEnabled=false,
                        nativeEvents=true, acceptSslCerts=true, locationContextEnabled=true, webStorageEnabled=true, browserName=chrome, takesScreenshot=true,
                        javascriptEnabled=true, cssSelectorsEnabled=true}]
                        Session ID: 621a2920501b0a1a6f5c10b8077e5742
                        	at sun.reflect.NativeConstructorAccessorImpl.newInstance0(Native Method)
                        	at sun.reflect.NativeConstructorAccessorImpl.newInstance(Unknown Source)
                        	at sun.reflect.DelegatingConstructorAccessorImpl.newInstance(Unknown Source)
                        	at java.lang.reflect.Constructor.newInstance(Unknown Source)
                        	at org.openqa.selenium.remote.ErrorHandler.createThrowable(ErrorHandler.java:204)
                        	at org.openqa.selenium.remote.ErrorHandler.throwIfResponseFailed(ErrorHandler.java:156)
                        	at org.openqa.selenium.remote.RemoteWebDriver.execute(RemoteWebDriver.java:599)
                        	at org.openqa.selenium.remote.RemoteWebElement.execute(RemoteWebElement.java:268)
                        	at org.openqa.selenium.remote.RemoteWebElement.click(RemoteWebElement.java:79)
                        	at core.GiftExistingToExisting.giftExistingUserToExistingUser_50(GiftExistingToExisting.java:97)
                        	at TestCases.TestGift_50.TestgiftExistingToExisting(TestGift_50.java:33)
                        	at sun.reflect.NativeMethodAccessorImpl.invoke0(Native Method)
                        	at sun.reflect.NativeMethodAccessorImpl.invoke(Unknown Source)
                        	at sun.reflect.DelegatingMethodAccessorImpl.invoke(Unknown Source)
                        	at java.lang.reflect.Method.invoke(Unknown Source)
                        	at org.testng.internal.MethodInvocationHelper.invokeMethod(MethodInvocationHelper.java:84)
                        	at org.testng.internal.Invoker.invokeMethod(Invoker.java:714)
                        	at org.testng.internal.Invoker.invokeTestMethod(Invoker.java:901)
                        	at org.testng.internal.Invoker.invokeTestMethods(Invoker.java:1231)
                        	at org.testng.internal.TestMethodWorker.invokeTestMethods(TestMethodWorker.java:127)
                        	at org.testng.internal.TestMethodWorker.run(TestMethodWorker.java:111)
                        	at org.testng.TestRunner.privateRun(TestRunner.java:767)
                        	at org.testng.TestRunner.run(TestRunner.java:617)
                        	at org.testng.SuiteRunner.runTest(SuiteRunner.java:334)
                        	at org.testng.SuiteRunner.runSequentially(SuiteRunner.java:329)
                        	at org.testng.SuiteRunner.privateRun(SuiteRunner.java:291)
                        	at org.testng.SuiteRunner.run(SuiteRunner.java:240)
                        	at org.testng.SuiteRunnerWorker.runSuite(SuiteRunnerWorker.java:52)
                        	at org.testng.SuiteRunnerWorker.run(SuiteRunnerWorker.java:86)
                        	at org.testng.TestNG.runSuitesSequentially(TestNG.java:1224)
                        	at org.testng.TestNG.runSuitesLocally(TestNG.java:1149)
                        	at org.testng.TestNG.run(TestNG.java:1057)
                        	at org.testng.TestNG.privateMain(TestNG.java:1364)
                        	at org.testng.TestNG.main(TestNG.java:1333)
                     </pre>
                  </div>
               </td>
            </tr>
            <tr id="TestCases.TestGift_50_TestgiftNewToNew_byStatus_failed_FAIL3_row"
                class="testMethodStatusFAIL">
               <td width="100%" class="firstMethodCell">
                  <a onclick="toggleDetailsVisibility('TestCases.TestGift_50_TestgiftNewToNew_byStatus_failed_FAIL3_details')">TestgiftNewToNew()</a>
               </td>
               <td nowrap="true">12:10:50</td>
               <td nowrap="true" align="right">15 ms
                  
               </td>
               <td nowrap="true">
                  <a onclick="toggleDetailsVisibility('TestCases.TestGift_50_TestgiftNewToNew_byStatus_failed_FAIL3_exception')">org.openqa.selenium.ElementNotVisibleException: 
                     element not visible
                     (Session info: chrome=39.0.2171.71)
                     (Driver info: chromedriver=2.9.248315,platform=Windows NT 6.1 x86) (WARNING: The server did not provide any stacktrace information)
                     Command duration or timeout: 0 milliseconds
                     Build info: version: '2.44.0', revision: '76d78cf', time: '2014-10-23 20:03:00'
                     System info: host: 'WIN-BVRET0KIAI3', ip: '192.168.58.130', os.name: 'Windows 7', os.arch: 'x86', os.version: '6.1', java.version:
                     '1.8.0_25'
                     Driver info: org.openqa.selenium.chrome.ChromeDriver
                     Capabilities [{applicationCacheEnabled=false, rotatable=false, chrome={userDataDir=C:\Users\JATIN\AppData\Local\Temp\scoped_dir3820_1141},
                     takesHeapSnapshot=true, databaseEnabled=false, handlesAlerts=true, version=39.0.2171.71, platform=XP, browserConnectionEnabled=false,
                     nativeEvents=true, acceptSslCerts=true, locationContextEnabled=true, webStorageEnabled=true, browserName=chrome, takesScreenshot=true,
                     javascriptEnabled=true, cssSelectorsEnabled=true}]
                     Session ID: 621a2920501b0a1a6f5c10b8077e5742
                     
                  </a>
                   
                  
               </td>
            </tr>
            <tr>
               <td colspan="4" class="detailsBox">
                  <div id="TestCases.TestGift_50_TestgiftNewToNew_byStatus_failed_FAIL3_details"
                       class="testMethodDetails">
                     <div>
                        <b>Name: </b>TestgiftNewToNew
                     </div>
                     <div>
                        <b>Signature: </b>TestgiftNewToNew()[pri:0, instance:TestCases.TestGift_50@66d33a]
                     </div>
                     <div>
                        <b>Start time: </b>12:10:50
                     </div>
                     <div>
                        <b>End time: </b>12:10:50
                     </div>
                     <div>
                        <b>Duration: </b>15 ms
                        
                     </div>
                  </div>
               </td>
            </tr>
            <tr>
               <td colspan="4" class="detailsBox">
                  <div id="TestCases.TestGift_50_TestgiftNewToNew_byStatus_failed_FAIL3_exception"
                       class="testMethodDetails">
                     <pre style="padding: 5px; margin: 0;">org.openqa.selenium.ElementNotVisibleException: element not visible
                        (Session info: chrome=39.0.2171.71)
                        (Driver info: chromedriver=2.9.248315,platform=Windows NT 6.1 x86) (WARNING: The server did not provide any stacktrace information)
                        Command duration or timeout: 0 milliseconds
                        Build info: version: '2.44.0', revision: '76d78cf', time: '2014-10-23 20:03:00'
                        System info: host: 'WIN-BVRET0KIAI3', ip: '192.168.58.130', os.name: 'Windows 7', os.arch: 'x86', os.version: '6.1', java.version:
                        '1.8.0_25'
                        Driver info: org.openqa.selenium.chrome.ChromeDriver
                        Capabilities [{applicationCacheEnabled=false, rotatable=false, chrome={userDataDir=C:\Users\JATIN\AppData\Local\Temp\scoped_dir3820_1141},
                        takesHeapSnapshot=true, databaseEnabled=false, handlesAlerts=true, version=39.0.2171.71, platform=XP, browserConnectionEnabled=false,
                        nativeEvents=true, acceptSslCerts=true, locationContextEnabled=true, webStorageEnabled=true, browserName=chrome, takesScreenshot=true,
                        javascriptEnabled=true, cssSelectorsEnabled=true}]
                        Session ID: 621a2920501b0a1a6f5c10b8077e5742
                        	at sun.reflect.NativeConstructorAccessorImpl.newInstance0(Native Method)
                        	at sun.reflect.NativeConstructorAccessorImpl.newInstance(Unknown Source)
                        	at sun.reflect.DelegatingConstructorAccessorImpl.newInstance(Unknown Source)
                        	at java.lang.reflect.Constructor.newInstance(Unknown Source)
                        	at org.openqa.selenium.remote.ErrorHandler.createThrowable(ErrorHandler.java:204)
                        	at org.openqa.selenium.remote.ErrorHandler.throwIfResponseFailed(ErrorHandler.java:156)
                        	at org.openqa.selenium.remote.RemoteWebDriver.execute(RemoteWebDriver.java:599)
                        	at org.openqa.selenium.remote.RemoteWebElement.execute(RemoteWebElement.java:268)
                        	at org.openqa.selenium.remote.RemoteWebElement.click(RemoteWebElement.java:79)
                        	at core.GiftNewToNew.giftNewUserToNewUser_50(GiftNewToNew.java:90)
                        	at TestCases.TestGift_50.TestgiftNewToNew(TestGift_50.java:44)
                        	at sun.reflect.NativeMethodAccessorImpl.invoke0(Native Method)
                        	at sun.reflect.NativeMethodAccessorImpl.invoke(Unknown Source)
                        	at sun.reflect.DelegatingMethodAccessorImpl.invoke(Unknown Source)
                        	at java.lang.reflect.Method.invoke(Unknown Source)
                        	at org.testng.internal.MethodInvocationHelper.invokeMethod(MethodInvocationHelper.java:84)
                        	at org.testng.internal.Invoker.invokeMethod(Invoker.java:714)
                        	at org.testng.internal.Invoker.invokeTestMethod(Invoker.java:901)
                        	at org.testng.internal.Invoker.invokeTestMethods(Invoker.java:1231)
                        	at org.testng.internal.TestMethodWorker.invokeTestMethods(TestMethodWorker.java:127)
                        	at org.testng.internal.TestMethodWorker.run(TestMethodWorker.java:111)
                        	at org.testng.TestRunner.privateRun(TestRunner.java:767)
                        	at org.testng.TestRunner.run(TestRunner.java:617)
                        	at org.testng.SuiteRunner.runTest(SuiteRunner.java:334)
                        	at org.testng.SuiteRunner.runSequentially(SuiteRunner.java:329)
                        	at org.testng.SuiteRunner.privateRun(SuiteRunner.java:291)
                        	at org.testng.SuiteRunner.run(SuiteRunner.java:240)
                        	at org.testng.SuiteRunnerWorker.runSuite(SuiteRunnerWorker.java:52)
                        	at org.testng.SuiteRunnerWorker.run(SuiteRunnerWorker.java:86)
                        	at org.testng.TestNG.runSuitesSequentially(TestNG.java:1224)
                        	at org.testng.TestNG.runSuitesLocally(TestNG.java:1149)
                        	at org.testng.TestNG.run(TestNG.java:1057)
                        	at org.testng.TestNG.privateMain(TestNG.java:1364)
                        	at org.testng.TestNG.main(TestNG.java:1333)
                     </pre>
                  </div>
               </td>
            </tr>
            <tr id="TestCases.TestGift_50_TestNewToExisting_byStatus_failed_FAIL4_row"
                class="testMethodStatusFAIL">
               <td width="100%" class="firstMethodCell">
                  <a onclick="toggleDetailsVisibility('TestCases.TestGift_50_TestNewToExisting_byStatus_failed_FAIL4_details')">TestNewToExisting()</a>
               </td>
               <td nowrap="true">12:10:50</td>
               <td nowrap="true" align="right">32 ms
                  
               </td>
               <td nowrap="true">
                  <a onclick="toggleDetailsVisibility('TestCases.TestGift_50_TestNewToExisting_byStatus_failed_FAIL4_exception')">org.openqa.selenium.ElementNotVisibleException: 
                     element not visible
                     (Session info: chrome=39.0.2171.71)
                     (Driver info: chromedriver=2.9.248315,platform=Windows NT 6.1 x86) (WARNING: The server did not provide any stacktrace information)
                     Command duration or timeout: 16 milliseconds
                     Build info: version: '2.44.0', revision: '76d78cf', time: '2014-10-23 20:03:00'
                     System info: host: 'WIN-BVRET0KIAI3', ip: '192.168.58.130', os.name: 'Windows 7', os.arch: 'x86', os.version: '6.1', java.version:
                     '1.8.0_25'
                     Driver info: org.openqa.selenium.chrome.ChromeDriver
                     Capabilities [{applicationCacheEnabled=false, rotatable=false, chrome={userDataDir=C:\Users\JATIN\AppData\Local\Temp\scoped_dir3820_1141},
                     takesHeapSnapshot=true, databaseEnabled=false, handlesAlerts=true, version=39.0.2171.71, platform=XP, browserConnectionEnabled=false,
                     nativeEvents=true, acceptSslCerts=true, locationContextEnabled=true, webStorageEnabled=true, browserName=chrome, takesScreenshot=true,
                     javascriptEnabled=true, cssSelectorsEnabled=true}]
                     Session ID: 621a2920501b0a1a6f5c10b8077e5742
                     
                  </a>
                   
                  
               </td>
            </tr>
            <tr>
               <td colspan="4" class="detailsBox">
                  <div id="TestCases.TestGift_50_TestNewToExisting_byStatus_failed_FAIL4_details"
                       class="testMethodDetails">
                     <div>
                        <b>Name: </b>TestNewToExisting
                     </div>
                     <div>
                        <b>Signature: </b>TestNewToExisting()[pri:0, instance:TestCases.TestGift_50@66d33a]
                     </div>
                     <div>
                        <b>Start time: </b>12:10:50
                     </div>
                     <div>
                        <b>End time: </b>12:10:50
                     </div>
                     <div>
                        <b>Duration: </b>32 ms
                        
                     </div>
                  </div>
               </td>
            </tr>
            <tr>
               <td colspan="4" class="detailsBox">
                  <div id="TestCases.TestGift_50_TestNewToExisting_byStatus_failed_FAIL4_exception"
                       class="testMethodDetails">
                     <pre style="padding: 5px; margin: 0;">org.openqa.selenium.ElementNotVisibleException: element not visible
                        (Session info: chrome=39.0.2171.71)
                        (Driver info: chromedriver=2.9.248315,platform=Windows NT 6.1 x86) (WARNING: The server did not provide any stacktrace information)
                        Command duration or timeout: 16 milliseconds
                        Build info: version: '2.44.0', revision: '76d78cf', time: '2014-10-23 20:03:00'
                        System info: host: 'WIN-BVRET0KIAI3', ip: '192.168.58.130', os.name: 'Windows 7', os.arch: 'x86', os.version: '6.1', java.version:
                        '1.8.0_25'
                        Driver info: org.openqa.selenium.chrome.ChromeDriver
                        Capabilities [{applicationCacheEnabled=false, rotatable=false, chrome={userDataDir=C:\Users\JATIN\AppData\Local\Temp\scoped_dir3820_1141},
                        takesHeapSnapshot=true, databaseEnabled=false, handlesAlerts=true, version=39.0.2171.71, platform=XP, browserConnectionEnabled=false,
                        nativeEvents=true, acceptSslCerts=true, locationContextEnabled=true, webStorageEnabled=true, browserName=chrome, takesScreenshot=true,
                        javascriptEnabled=true, cssSelectorsEnabled=true}]
                        Session ID: 621a2920501b0a1a6f5c10b8077e5742
                        	at sun.reflect.NativeConstructorAccessorImpl.newInstance0(Native Method)
                        	at sun.reflect.NativeConstructorAccessorImpl.newInstance(Unknown Source)
                        	at sun.reflect.DelegatingConstructorAccessorImpl.newInstance(Unknown Source)
                        	at java.lang.reflect.Constructor.newInstance(Unknown Source)
                        	at org.openqa.selenium.remote.ErrorHandler.createThrowable(ErrorHandler.java:204)
                        	at org.openqa.selenium.remote.ErrorHandler.throwIfResponseFailed(ErrorHandler.java:156)
                        	at org.openqa.selenium.remote.RemoteWebDriver.execute(RemoteWebDriver.java:599)
                        	at org.openqa.selenium.remote.RemoteWebElement.execute(RemoteWebElement.java:268)
                        	at org.openqa.selenium.remote.RemoteWebElement.click(RemoteWebElement.java:79)
                        	at core.GiftNewToExisting.giftNewUserToExistingUser_50(GiftNewToExisting.java:96)
                        	at TestCases.TestGift_50.TestNewToExisting(TestGift_50.java:55)
                        	at sun.reflect.NativeMethodAccessorImpl.invoke0(Native Method)
                        	at sun.reflect.NativeMethodAccessorImpl.invoke(Unknown Source)
                        	at sun.reflect.DelegatingMethodAccessorImpl.invoke(Unknown Source)
                        	at java.lang.reflect.Method.invoke(Unknown Source)
                        	at org.testng.internal.MethodInvocationHelper.invokeMethod(MethodInvocationHelper.java:84)
                        	at org.testng.internal.Invoker.invokeMethod(Invoker.java:714)
                        	at org.testng.internal.Invoker.invokeTestMethod(Invoker.java:901)
                        	at org.testng.internal.Invoker.invokeTestMethods(Invoker.java:1231)
                        	at org.testng.internal.TestMethodWorker.invokeTestMethods(TestMethodWorker.java:127)
                        	at org.testng.internal.TestMethodWorker.run(TestMethodWorker.java:111)
                        	at org.testng.TestRunner.privateRun(TestRunner.java:767)
                        	at org.testng.TestRunner.run(TestRunner.java:617)
                        	at org.testng.SuiteRunner.runTest(SuiteRunner.java:334)
                        	at org.testng.SuiteRunner.runSequentially(SuiteRunner.java:329)
                        	at org.testng.SuiteRunner.privateRun(SuiteRunner.java:291)
                        	at org.testng.SuiteRunner.run(SuiteRunner.java:240)
                        	at org.testng.SuiteRunnerWorker.runSuite(SuiteRunnerWorker.java:52)
                        	at org.testng.SuiteRunnerWorker.run(SuiteRunnerWorker.java:86)
                        	at org.testng.TestNG.runSuitesSequentially(TestNG.java:1224)
                        	at org.testng.TestNG.runSuitesLocally(TestNG.java:1149)
                        	at org.testng.TestNG.run(TestNG.java:1057)
                        	at org.testng.TestNG.privateMain(TestNG.java:1364)
                        	at org.testng.TestNG.main(TestNG.java:1333)
                     </pre>
                  </div>
               </td>
            </tr>
            <tr id="TestCases.TestGift_50_TestExistingToNew_Login_byStatus_failed_FAIL5_row"
                class="testMethodStatusFAIL">
               <td width="100%" class="firstMethodCell">
                  <a onclick="toggleDetailsVisibility('TestCases.TestGift_50_TestExistingToNew_Login_byStatus_failed_FAIL5_details')">TestExistingToNew_Login()</a>
               </td>
               <td nowrap="true">12:10:50</td>
               <td nowrap="true" align="right">3s
                  
               </td>
               <td nowrap="true">
                  <a onclick="toggleDetailsVisibility('TestCases.TestGift_50_TestExistingToNew_Login_byStatus_failed_FAIL5_exception')">org.openqa.selenium.ElementNotVisibleException: 
                     element not visible
                     (Session info: chrome=39.0.2171.71)
                     (Driver info: chromedriver=2.9.248315,platform=Windows NT 6.1 x86) (WARNING: The server did not provide any stacktrace information)
                     Command duration or timeout: 16 milliseconds
                     Build info: version: '2.44.0', revision: '76d78cf', time: '2014-10-23 20:03:00'
                     System info: host: 'WIN-BVRET0KIAI3', ip: '192.168.58.130', os.name: 'Windows 7', os.arch: 'x86', os.version: '6.1', java.version:
                     '1.8.0_25'
                     Driver info: org.openqa.selenium.chrome.ChromeDriver
                     Capabilities [{applicationCacheEnabled=false, rotatable=false, chrome={userDataDir=C:\Users\JATIN\AppData\Local\Temp\scoped_dir3820_1141},
                     takesHeapSnapshot=true, databaseEnabled=false, handlesAlerts=true, version=39.0.2171.71, platform=XP, browserConnectionEnabled=false,
                     nativeEvents=true, acceptSslCerts=true, locationContextEnabled=true, webStorageEnabled=true, browserName=chrome, takesScreenshot=true,
                     javascriptEnabled=true, cssSelectorsEnabled=true}]
                     Session ID: 621a2920501b0a1a6f5c10b8077e5742
                     
                  </a>
                   
                  
               </td>
            </tr>
            <tr>
               <td colspan="4" class="detailsBox">
                  <div id="TestCases.TestGift_50_TestExistingToNew_Login_byStatus_failed_FAIL5_details"
                       class="testMethodDetails">
                     <div>
                        <b>Name: </b>TestExistingToNew_Login
                     </div>
                     <div>
                        <b>Signature: </b>TestExistingToNew_Login()[pri:0, instance:TestCases.TestGift_50@66d33a]
                     </div>
                     <div>
                        <b>Start time: </b>12:10:50
                     </div>
                     <div>
                        <b>End time: </b>12:10:53
                     </div>
                     <div>
                        <b>Duration: </b>3s
                        
                     </div>
                  </div>
               </td>
            </tr>
            <tr>
               <td colspan="4" class="detailsBox">
                  <div id="TestCases.TestGift_50_TestExistingToNew_Login_byStatus_failed_FAIL5_exception"
                       class="testMethodDetails">
                     <pre style="padding: 5px; margin: 0;">org.openqa.selenium.ElementNotVisibleException: element not visible
                        (Session info: chrome=39.0.2171.71)
                        (Driver info: chromedriver=2.9.248315,platform=Windows NT 6.1 x86) (WARNING: The server did not provide any stacktrace information)
                        Command duration or timeout: 16 milliseconds
                        Build info: version: '2.44.0', revision: '76d78cf', time: '2014-10-23 20:03:00'
                        System info: host: 'WIN-BVRET0KIAI3', ip: '192.168.58.130', os.name: 'Windows 7', os.arch: 'x86', os.version: '6.1', java.version:
                        '1.8.0_25'
                        Driver info: org.openqa.selenium.chrome.ChromeDriver
                        Capabilities [{applicationCacheEnabled=false, rotatable=false, chrome={userDataDir=C:\Users\JATIN\AppData\Local\Temp\scoped_dir3820_1141},
                        takesHeapSnapshot=true, databaseEnabled=false, handlesAlerts=true, version=39.0.2171.71, platform=XP, browserConnectionEnabled=false,
                        nativeEvents=true, acceptSslCerts=true, locationContextEnabled=true, webStorageEnabled=true, browserName=chrome, takesScreenshot=true,
                        javascriptEnabled=true, cssSelectorsEnabled=true}]
                        Session ID: 621a2920501b0a1a6f5c10b8077e5742
                        	at sun.reflect.NativeConstructorAccessorImpl.newInstance0(Native Method)
                        	at sun.reflect.NativeConstructorAccessorImpl.newInstance(Unknown Source)
                        	at sun.reflect.DelegatingConstructorAccessorImpl.newInstance(Unknown Source)
                        	at java.lang.reflect.Constructor.newInstance(Unknown Source)
                        	at org.openqa.selenium.remote.ErrorHandler.createThrowable(ErrorHandler.java:204)
                        	at org.openqa.selenium.remote.ErrorHandler.throwIfResponseFailed(ErrorHandler.java:156)
                        	at org.openqa.selenium.remote.RemoteWebDriver.execute(RemoteWebDriver.java:599)
                        	at org.openqa.selenium.remote.RemoteWebElement.execute(RemoteWebElement.java:268)
                        	at org.openqa.selenium.remote.RemoteWebElement.click(RemoteWebElement.java:79)
                        	at core.Login.do_login(Login.java:24)
                        	at TestCases.TestGift_50.TestExistingToNew_Login(TestGift_50.java:68)
                        	at sun.reflect.NativeMethodAccessorImpl.invoke0(Native Method)
                        	at sun.reflect.NativeMethodAccessorImpl.invoke(Unknown Source)
                        	at sun.reflect.DelegatingMethodAccessorImpl.invoke(Unknown Source)
                        	at java.lang.reflect.Method.invoke(Unknown Source)
                        	at org.testng.internal.MethodInvocationHelper.invokeMethod(MethodInvocationHelper.java:84)
                        	at org.testng.internal.Invoker.invokeMethod(Invoker.java:714)
                        	at org.testng.internal.Invoker.invokeTestMethod(Invoker.java:901)
                        	at org.testng.internal.Invoker.invokeTestMethods(Invoker.java:1231)
                        	at org.testng.internal.TestMethodWorker.invokeTestMethods(TestMethodWorker.java:127)
                        	at org.testng.internal.TestMethodWorker.run(TestMethodWorker.java:111)
                        	at org.testng.TestRunner.privateRun(TestRunner.java:767)
                        	at org.testng.TestRunner.run(TestRunner.java:617)
                        	at org.testng.SuiteRunner.runTest(SuiteRunner.java:334)
                        	at org.testng.SuiteRunner.runSequentially(SuiteRunner.java:329)
                        	at org.testng.SuiteRunner.privateRun(SuiteRunner.java:291)
                        	at org.testng.SuiteRunner.run(SuiteRunner.java:240)
                        	at org.testng.SuiteRunnerWorker.runSuite(SuiteRunnerWorker.java:52)
                        	at org.testng.SuiteRunnerWorker.run(SuiteRunnerWorker.java:86)
                        	at org.testng.TestNG.runSuitesSequentially(TestNG.java:1224)
                        	at org.testng.TestNG.runSuitesLocally(TestNG.java:1149)
                        	at org.testng.TestNG.run(TestNG.java:1057)
                        	at org.testng.TestNG.privateMain(TestNG.java:1364)
                        	at org.testng.TestNG.main(TestNG.java:1333)
                     </pre>
                  </div>
               </td>
            </tr>
            <tr id="TestCases.TestGift_50_TestExistingToExisting_Login_byStatus_failed_FAIL6_row"
                class="testMethodStatusFAIL">
               <td width="100%" class="firstMethodCell">
                  <a onclick="toggleDetailsVisibility('TestCases.TestGift_50_TestExistingToExisting_Login_byStatus_failed_FAIL6_details')">TestExistingToExisting_Login()</a>
               </td>
               <td nowrap="true">12:10:53</td>
               <td nowrap="true" align="right">3s
                  
               </td>
               <td nowrap="true">
                  <a onclick="toggleDetailsVisibility('TestCases.TestGift_50_TestExistingToExisting_Login_byStatus_failed_FAIL6_exception')">org.openqa.selenium.ElementNotVisibleException: 
                     element not visible
                     (Session info: chrome=39.0.2171.71)
                     (Driver info: chromedriver=2.9.248315,platform=Windows NT 6.1 x86) (WARNING: The server did not provide any stacktrace information)
                     Command duration or timeout: 16 milliseconds
                     Build info: version: '2.44.0', revision: '76d78cf', time: '2014-10-23 20:03:00'
                     System info: host: 'WIN-BVRET0KIAI3', ip: '192.168.58.130', os.name: 'Windows 7', os.arch: 'x86', os.version: '6.1', java.version:
                     '1.8.0_25'
                     Driver info: org.openqa.selenium.chrome.ChromeDriver
                     Capabilities [{applicationCacheEnabled=false, rotatable=false, chrome={userDataDir=C:\Users\JATIN\AppData\Local\Temp\scoped_dir3820_1141},
                     takesHeapSnapshot=true, databaseEnabled=false, handlesAlerts=true, version=39.0.2171.71, platform=XP, browserConnectionEnabled=false,
                     nativeEvents=true, acceptSslCerts=true, locationContextEnabled=true, webStorageEnabled=true, browserName=chrome, takesScreenshot=true,
                     javascriptEnabled=true, cssSelectorsEnabled=true}]
                     Session ID: 621a2920501b0a1a6f5c10b8077e5742
                     
                  </a>
                   
                  
               </td>
            </tr>
            <tr>
               <td colspan="4" class="detailsBox">
                  <div id="TestCases.TestGift_50_TestExistingToExisting_Login_byStatus_failed_FAIL6_details"
                       class="testMethodDetails">
                     <div>
                        <b>Name: </b>TestExistingToExisting_Login
                     </div>
                     <div>
                        <b>Signature: </b>TestExistingToExisting_Login()[pri:0, instance:TestCases.TestGift_50@66d33a]
                     </div>
                     <div>
                        <b>Start time: </b>12:10:53
                     </div>
                     <div>
                        <b>End time: </b>12:10:56
                     </div>
                     <div>
                        <b>Duration: </b>3s
                        
                     </div>
                  </div>
               </td>
            </tr>
            <tr>
               <td colspan="4" class="detailsBox">
                  <div id="TestCases.TestGift_50_TestExistingToExisting_Login_byStatus_failed_FAIL6_exception"
                       class="testMethodDetails">
                     <pre style="padding: 5px; margin: 0;">org.openqa.selenium.ElementNotVisibleException: element not visible
                        (Session info: chrome=39.0.2171.71)
                        (Driver info: chromedriver=2.9.248315,platform=Windows NT 6.1 x86) (WARNING: The server did not provide any stacktrace information)
                        Command duration or timeout: 16 milliseconds
                        Build info: version: '2.44.0', revision: '76d78cf', time: '2014-10-23 20:03:00'
                        System info: host: 'WIN-BVRET0KIAI3', ip: '192.168.58.130', os.name: 'Windows 7', os.arch: 'x86', os.version: '6.1', java.version:
                        '1.8.0_25'
                        Driver info: org.openqa.selenium.chrome.ChromeDriver
                        Capabilities [{applicationCacheEnabled=false, rotatable=false, chrome={userDataDir=C:\Users\JATIN\AppData\Local\Temp\scoped_dir3820_1141},
                        takesHeapSnapshot=true, databaseEnabled=false, handlesAlerts=true, version=39.0.2171.71, platform=XP, browserConnectionEnabled=false,
                        nativeEvents=true, acceptSslCerts=true, locationContextEnabled=true, webStorageEnabled=true, browserName=chrome, takesScreenshot=true,
                        javascriptEnabled=true, cssSelectorsEnabled=true}]
                        Session ID: 621a2920501b0a1a6f5c10b8077e5742
                        	at sun.reflect.NativeConstructorAccessorImpl.newInstance0(Native Method)
                        	at sun.reflect.NativeConstructorAccessorImpl.newInstance(Unknown Source)
                        	at sun.reflect.DelegatingConstructorAccessorImpl.newInstance(Unknown Source)
                        	at java.lang.reflect.Constructor.newInstance(Unknown Source)
                        	at org.openqa.selenium.remote.ErrorHandler.createThrowable(ErrorHandler.java:204)
                        	at org.openqa.selenium.remote.ErrorHandler.throwIfResponseFailed(ErrorHandler.java:156)
                        	at org.openqa.selenium.remote.RemoteWebDriver.execute(RemoteWebDriver.java:599)
                        	at org.openqa.selenium.remote.RemoteWebElement.execute(RemoteWebElement.java:268)
                        	at org.openqa.selenium.remote.RemoteWebElement.click(RemoteWebElement.java:79)
                        	at core.Login.do_login(Login.java:24)
                        	at TestCases.TestGift_50.TestExistingToExisting_Login(TestGift_50.java:82)
                        	at sun.reflect.NativeMethodAccessorImpl.invoke0(Native Method)
                        	at sun.reflect.NativeMethodAccessorImpl.invoke(Unknown Source)
                        	at sun.reflect.DelegatingMethodAccessorImpl.invoke(Unknown Source)
                        	at java.lang.reflect.Method.invoke(Unknown Source)
                        	at org.testng.internal.MethodInvocationHelper.invokeMethod(MethodInvocationHelper.java:84)
                        	at org.testng.internal.Invoker.invokeMethod(Invoker.java:714)
                        	at org.testng.internal.Invoker.invokeTestMethod(Invoker.java:901)
                        	at org.testng.internal.Invoker.invokeTestMethods(Invoker.java:1231)
                        	at org.testng.internal.TestMethodWorker.invokeTestMethods(TestMethodWorker.java:127)
                        	at org.testng.internal.TestMethodWorker.run(TestMethodWorker.java:111)
                        	at org.testng.TestRunner.privateRun(TestRunner.java:767)
                        	at org.testng.TestRunner.run(TestRunner.java:617)
                        	at org.testng.SuiteRunner.runTest(SuiteRunner.java:334)
                        	at org.testng.SuiteRunner.runSequentially(SuiteRunner.java:329)
                        	at org.testng.SuiteRunner.privateRun(SuiteRunner.java:291)
                        	at org.testng.SuiteRunner.run(SuiteRunner.java:240)
                        	at org.testng.SuiteRunnerWorker.runSuite(SuiteRunnerWorker.java:52)
                        	at org.testng.SuiteRunnerWorker.run(SuiteRunnerWorker.java:86)
                        	at org.testng.TestNG.runSuitesSequentially(TestNG.java:1224)
                        	at org.testng.TestNG.runSuitesLocally(TestNG.java:1149)
                        	at org.testng.TestNG.run(TestNG.java:1057)
                        	at org.testng.TestNG.privateMain(TestNG.java:1364)
                        	at org.testng.TestNG.main(TestNG.java:1333)
                     </pre>
                  </div>
               </td>
            </tr>
         </table>
      </div>
      <div id="testMethodsByClass" style="display: none;">
         <table class="testMethodsTable" cellpadding="0" cellspacing="0">
            <tr>
               <td colspan="4">
                  <h3 style="display: inline;">TestCases.TestGift_50</h3>
               </td>
            </tr>
            <tr class="methodsTableHeader">
               <td width="100%">Name</td>
               <td nowrap="true">Started</td>
               <td nowrap="true">Duration</td>
               <td>Exception</td>
            </tr>
            <tr id="TestCases.TestGift_50_TestgiftExistingToNew_byClass_FAIL1_row"
                class="testMethodStatusFAIL">
               <td width="100%" class="firstMethodCell">
                  <a onclick="toggleDetailsVisibility('TestCases.TestGift_50_TestgiftExistingToNew_byClass_FAIL1_details')">TestgiftExistingToNew()</a>
               </td>
               <td nowrap="true">12:10:50</td>
               <td nowrap="true" align="right">16 ms
                  
               </td>
               <td nowrap="true">
                  <a onclick="toggleDetailsVisibility('TestCases.TestGift_50_TestgiftExistingToNew_byClass_FAIL1_exception')">org.openqa.selenium.ElementNotVisibleException: 
                     element not visible
                     (Session info: chrome=39.0.2171.71)
                     (Driver info: chromedriver=2.9.248315,platform=Windows NT 6.1 x86) (WARNING: The server did not provide any stacktrace information)
                     Command duration or timeout: 16 milliseconds
                     Build info: version: '2.44.0', revision: '76d78cf', time: '2014-10-23 20:03:00'
                     System info: host: 'WIN-BVRET0KIAI3', ip: '192.168.58.130', os.name: 'Windows 7', os.arch: 'x86', os.version: '6.1', java.version:
                     '1.8.0_25'
                     Driver info: org.openqa.selenium.chrome.ChromeDriver
                     Capabilities [{applicationCacheEnabled=false, rotatable=false, chrome={userDataDir=C:\Users\JATIN\AppData\Local\Temp\scoped_dir3820_1141},
                     takesHeapSnapshot=true, databaseEnabled=false, handlesAlerts=true, version=39.0.2171.71, platform=XP, browserConnectionEnabled=false,
                     nativeEvents=true, acceptSslCerts=true, locationContextEnabled=true, webStorageEnabled=true, browserName=chrome, takesScreenshot=true,
                     javascriptEnabled=true, cssSelectorsEnabled=true}]
                     Session ID: 621a2920501b0a1a6f5c10b8077e5742
                     
                  </a>
                   
                  
               </td>
            </tr>
            <tr>
               <td colspan="4" class="detailsBox">
                  <div id="TestCases.TestGift_50_TestgiftExistingToNew_byClass_FAIL1_details"
                       class="testMethodDetails">
                     <div>
                        <b>Name: </b>TestgiftExistingToNew
                     </div>
                     <div>
                        <b>Signature: </b>TestgiftExistingToNew()[pri:0, instance:TestCases.TestGift_50@66d33a]
                     </div>
                     <div>
                        <b>Start time: </b>12:10:50
                     </div>
                     <div>
                        <b>End time: </b>12:10:50
                     </div>
                     <div>
                        <b>Duration: </b>16 ms
                        
                     </div>
                  </div>
               </td>
            </tr>
            <tr>
               <td colspan="4" class="detailsBox">
                  <div id="TestCases.TestGift_50_TestgiftExistingToNew_byClass_FAIL1_exception"
                       class="testMethodDetails">
                     <pre style="padding: 5px; margin: 0;">org.openqa.selenium.ElementNotVisibleException: element not visible
                        (Session info: chrome=39.0.2171.71)
                        (Driver info: chromedriver=2.9.248315,platform=Windows NT 6.1 x86) (WARNING: The server did not provide any stacktrace information)
                        Command duration or timeout: 16 milliseconds
                        Build info: version: '2.44.0', revision: '76d78cf', time: '2014-10-23 20:03:00'
                        System info: host: 'WIN-BVRET0KIAI3', ip: '192.168.58.130', os.name: 'Windows 7', os.arch: 'x86', os.version: '6.1', java.version:
                        '1.8.0_25'
                        Driver info: org.openqa.selenium.chrome.ChromeDriver
                        Capabilities [{applicationCacheEnabled=false, rotatable=false, chrome={userDataDir=C:\Users\JATIN\AppData\Local\Temp\scoped_dir3820_1141},
                        takesHeapSnapshot=true, databaseEnabled=false, handlesAlerts=true, version=39.0.2171.71, platform=XP, browserConnectionEnabled=false,
                        nativeEvents=true, acceptSslCerts=true, locationContextEnabled=true, webStorageEnabled=true, browserName=chrome, takesScreenshot=true,
                        javascriptEnabled=true, cssSelectorsEnabled=true}]
                        Session ID: 621a2920501b0a1a6f5c10b8077e5742
                        	at sun.reflect.NativeConstructorAccessorImpl.newInstance0(Native Method)
                        	at sun.reflect.NativeConstructorAccessorImpl.newInstance(Unknown Source)
                        	at sun.reflect.DelegatingConstructorAccessorImpl.newInstance(Unknown Source)
                        	at java.lang.reflect.Constructor.newInstance(Unknown Source)
                        	at org.openqa.selenium.remote.ErrorHandler.createThrowable(ErrorHandler.java:204)
                        	at org.openqa.selenium.remote.ErrorHandler.throwIfResponseFailed(ErrorHandler.java:156)
                        	at org.openqa.selenium.remote.RemoteWebDriver.execute(RemoteWebDriver.java:599)
                        	at org.openqa.selenium.remote.RemoteWebElement.execute(RemoteWebElement.java:268)
                        	at org.openqa.selenium.remote.RemoteWebElement.click(RemoteWebElement.java:79)
                        	at core.GiftExistingToNew.giftExistingUserToNewUser_50(GiftExistingToNew.java:90)
                        	at TestCases.TestGift_50.TestgiftExistingToNew(TestGift_50.java:22)
                        	at sun.reflect.NativeMethodAccessorImpl.invoke0(Native Method)
                        	at sun.reflect.NativeMethodAccessorImpl.invoke(Unknown Source)
                        	at sun.reflect.DelegatingMethodAccessorImpl.invoke(Unknown Source)
                        	at java.lang.reflect.Method.invoke(Unknown Source)
                        	at org.testng.internal.MethodInvocationHelper.invokeMethod(MethodInvocationHelper.java:84)
                        	at org.testng.internal.Invoker.invokeMethod(Invoker.java:714)
                        	at org.testng.internal.Invoker.invokeTestMethod(Invoker.java:901)
                        	at org.testng.internal.Invoker.invokeTestMethods(Invoker.java:1231)
                        	at org.testng.internal.TestMethodWorker.invokeTestMethods(TestMethodWorker.java:127)
                        	at org.testng.internal.TestMethodWorker.run(TestMethodWorker.java:111)
                        	at org.testng.TestRunner.privateRun(TestRunner.java:767)
                        	at org.testng.TestRunner.run(TestRunner.java:617)
                        	at org.testng.SuiteRunner.runTest(SuiteRunner.java:334)
                        	at org.testng.SuiteRunner.runSequentially(SuiteRunner.java:329)
                        	at org.testng.SuiteRunner.privateRun(SuiteRunner.java:291)
                        	at org.testng.SuiteRunner.run(SuiteRunner.java:240)
                        	at org.testng.SuiteRunnerWorker.runSuite(SuiteRunnerWorker.java:52)
                        	at org.testng.SuiteRunnerWorker.run(SuiteRunnerWorker.java:86)
                        	at org.testng.TestNG.runSuitesSequentially(TestNG.java:1224)
                        	at org.testng.TestNG.runSuitesLocally(TestNG.java:1149)
                        	at org.testng.TestNG.run(TestNG.java:1057)
                        	at org.testng.TestNG.privateMain(TestNG.java:1364)
                        	at org.testng.TestNG.main(TestNG.java:1333)
                     </pre>
                  </div>
               </td>
            </tr>
            <tr id="TestCases.TestGift_50_TestgiftExistingToExisting_byClass_FAIL2_row"
                class="testMethodStatusFAIL">
               <td width="100%" class="firstMethodCell">
                  <a onclick="toggleDetailsVisibility('TestCases.TestGift_50_TestgiftExistingToExisting_byClass_FAIL2_details')">TestgiftExistingToExisting()</a>
               </td>
               <td nowrap="true">12:10:50</td>
               <td nowrap="true" align="right">31 ms
                  
               </td>
               <td nowrap="true">
                  <a onclick="toggleDetailsVisibility('TestCases.TestGift_50_TestgiftExistingToExisting_byClass_FAIL2_exception')">org.openqa.selenium.ElementNotVisibleException: 
                     element not visible
                     (Session info: chrome=39.0.2171.71)
                     (Driver info: chromedriver=2.9.248315,platform=Windows NT 6.1 x86) (WARNING: The server did not provide any stacktrace information)
                     Command duration or timeout: 16 milliseconds
                     Build info: version: '2.44.0', revision: '76d78cf', time: '2014-10-23 20:03:00'
                     System info: host: 'WIN-BVRET0KIAI3', ip: '192.168.58.130', os.name: 'Windows 7', os.arch: 'x86', os.version: '6.1', java.version:
                     '1.8.0_25'
                     Driver info: org.openqa.selenium.chrome.ChromeDriver
                     Capabilities [{applicationCacheEnabled=false, rotatable=false, chrome={userDataDir=C:\Users\JATIN\AppData\Local\Temp\scoped_dir3820_1141},
                     takesHeapSnapshot=true, databaseEnabled=false, handlesAlerts=true, version=39.0.2171.71, platform=XP, browserConnectionEnabled=false,
                     nativeEvents=true, acceptSslCerts=true, locationContextEnabled=true, webStorageEnabled=true, browserName=chrome, takesScreenshot=true,
                     javascriptEnabled=true, cssSelectorsEnabled=true}]
                     Session ID: 621a2920501b0a1a6f5c10b8077e5742
                     
                  </a>
                   
                  
               </td>
            </tr>
            <tr>
               <td colspan="4" class="detailsBox">
                  <div id="TestCases.TestGift_50_TestgiftExistingToExisting_byClass_FAIL2_details"
                       class="testMethodDetails">
                     <div>
                        <b>Name: </b>TestgiftExistingToExisting
                     </div>
                     <div>
                        <b>Signature: </b>TestgiftExistingToExisting()[pri:0, instance:TestCases.TestGift_50@66d33a]
                     </div>
                     <div>
                        <b>Start time: </b>12:10:50
                     </div>
                     <div>
                        <b>End time: </b>12:10:50
                     </div>
                     <div>
                        <b>Duration: </b>31 ms
                        
                     </div>
                  </div>
               </td>
            </tr>
            <tr>
               <td colspan="4" class="detailsBox">
                  <div id="TestCases.TestGift_50_TestgiftExistingToExisting_byClass_FAIL2_exception"
                       class="testMethodDetails">
                     <pre style="padding: 5px; margin: 0;">org.openqa.selenium.ElementNotVisibleException: element not visible
                        (Session info: chrome=39.0.2171.71)
                        (Driver info: chromedriver=2.9.248315,platform=Windows NT 6.1 x86) (WARNING: The server did not provide any stacktrace information)
                        Command duration or timeout: 16 milliseconds
                        Build info: version: '2.44.0', revision: '76d78cf', time: '2014-10-23 20:03:00'
                        System info: host: 'WIN-BVRET0KIAI3', ip: '192.168.58.130', os.name: 'Windows 7', os.arch: 'x86', os.version: '6.1', java.version:
                        '1.8.0_25'
                        Driver info: org.openqa.selenium.chrome.ChromeDriver
                        Capabilities [{applicationCacheEnabled=false, rotatable=false, chrome={userDataDir=C:\Users\JATIN\AppData\Local\Temp\scoped_dir3820_1141},
                        takesHeapSnapshot=true, databaseEnabled=false, handlesAlerts=true, version=39.0.2171.71, platform=XP, browserConnectionEnabled=false,
                        nativeEvents=true, acceptSslCerts=true, locationContextEnabled=true, webStorageEnabled=true, browserName=chrome, takesScreenshot=true,
                        javascriptEnabled=true, cssSelectorsEnabled=true}]
                        Session ID: 621a2920501b0a1a6f5c10b8077e5742
                        	at sun.reflect.NativeConstructorAccessorImpl.newInstance0(Native Method)
                        	at sun.reflect.NativeConstructorAccessorImpl.newInstance(Unknown Source)
                        	at sun.reflect.DelegatingConstructorAccessorImpl.newInstance(Unknown Source)
                        	at java.lang.reflect.Constructor.newInstance(Unknown Source)
                        	at org.openqa.selenium.remote.ErrorHandler.createThrowable(ErrorHandler.java:204)
                        	at org.openqa.selenium.remote.ErrorHandler.throwIfResponseFailed(ErrorHandler.java:156)
                        	at org.openqa.selenium.remote.RemoteWebDriver.execute(RemoteWebDriver.java:599)
                        	at org.openqa.selenium.remote.RemoteWebElement.execute(RemoteWebElement.java:268)
                        	at org.openqa.selenium.remote.RemoteWebElement.click(RemoteWebElement.java:79)
                        	at core.GiftExistingToExisting.giftExistingUserToExistingUser_50(GiftExistingToExisting.java:97)
                        	at TestCases.TestGift_50.TestgiftExistingToExisting(TestGift_50.java:33)
                        	at sun.reflect.NativeMethodAccessorImpl.invoke0(Native Method)
                        	at sun.reflect.NativeMethodAccessorImpl.invoke(Unknown Source)
                        	at sun.reflect.DelegatingMethodAccessorImpl.invoke(Unknown Source)
                        	at java.lang.reflect.Method.invoke(Unknown Source)
                        	at org.testng.internal.MethodInvocationHelper.invokeMethod(MethodInvocationHelper.java:84)
                        	at org.testng.internal.Invoker.invokeMethod(Invoker.java:714)
                        	at org.testng.internal.Invoker.invokeTestMethod(Invoker.java:901)
                        	at org.testng.internal.Invoker.invokeTestMethods(Invoker.java:1231)
                        	at org.testng.internal.TestMethodWorker.invokeTestMethods(TestMethodWorker.java:127)
                        	at org.testng.internal.TestMethodWorker.run(TestMethodWorker.java:111)
                        	at org.testng.TestRunner.privateRun(TestRunner.java:767)
                        	at org.testng.TestRunner.run(TestRunner.java:617)
                        	at org.testng.SuiteRunner.runTest(SuiteRunner.java:334)
                        	at org.testng.SuiteRunner.runSequentially(SuiteRunner.java:329)
                        	at org.testng.SuiteRunner.privateRun(SuiteRunner.java:291)
                        	at org.testng.SuiteRunner.run(SuiteRunner.java:240)
                        	at org.testng.SuiteRunnerWorker.runSuite(SuiteRunnerWorker.java:52)
                        	at org.testng.SuiteRunnerWorker.run(SuiteRunnerWorker.java:86)
                        	at org.testng.TestNG.runSuitesSequentially(TestNG.java:1224)
                        	at org.testng.TestNG.runSuitesLocally(TestNG.java:1149)
                        	at org.testng.TestNG.run(TestNG.java:1057)
                        	at org.testng.TestNG.privateMain(TestNG.java:1364)
                        	at org.testng.TestNG.main(TestNG.java:1333)
                     </pre>
                  </div>
               </td>
            </tr>
            <tr id="TestCases.TestGift_50_TestgiftNewToNew_byClass_FAIL3_row"
                class="testMethodStatusFAIL">
               <td width="100%" class="firstMethodCell">
                  <a onclick="toggleDetailsVisibility('TestCases.TestGift_50_TestgiftNewToNew_byClass_FAIL3_details')">TestgiftNewToNew()</a>
               </td>
               <td nowrap="true">12:10:50</td>
               <td nowrap="true" align="right">15 ms
                  
               </td>
               <td nowrap="true">
                  <a onclick="toggleDetailsVisibility('TestCases.TestGift_50_TestgiftNewToNew_byClass_FAIL3_exception')">org.openqa.selenium.ElementNotVisibleException: 
                     element not visible
                     (Session info: chrome=39.0.2171.71)
                     (Driver info: chromedriver=2.9.248315,platform=Windows NT 6.1 x86) (WARNING: The server did not provide any stacktrace information)
                     Command duration or timeout: 0 milliseconds
                     Build info: version: '2.44.0', revision: '76d78cf', time: '2014-10-23 20:03:00'
                     System info: host: 'WIN-BVRET0KIAI3', ip: '192.168.58.130', os.name: 'Windows 7', os.arch: 'x86', os.version: '6.1', java.version:
                     '1.8.0_25'
                     Driver info: org.openqa.selenium.chrome.ChromeDriver
                     Capabilities [{applicationCacheEnabled=false, rotatable=false, chrome={userDataDir=C:\Users\JATIN\AppData\Local\Temp\scoped_dir3820_1141},
                     takesHeapSnapshot=true, databaseEnabled=false, handlesAlerts=true, version=39.0.2171.71, platform=XP, browserConnectionEnabled=false,
                     nativeEvents=true, acceptSslCerts=true, locationContextEnabled=true, webStorageEnabled=true, browserName=chrome, takesScreenshot=true,
                     javascriptEnabled=true, cssSelectorsEnabled=true}]
                     Session ID: 621a2920501b0a1a6f5c10b8077e5742
                     
                  </a>
                   
                  
               </td>
            </tr>
            <tr>
               <td colspan="4" class="detailsBox">
                  <div id="TestCases.TestGift_50_TestgiftNewToNew_byClass_FAIL3_details"
                       class="testMethodDetails">
                     <div>
                        <b>Name: </b>TestgiftNewToNew
                     </div>
                     <div>
                        <b>Signature: </b>TestgiftNewToNew()[pri:0, instance:TestCases.TestGift_50@66d33a]
                     </div>
                     <div>
                        <b>Start time: </b>12:10:50
                     </div>
                     <div>
                        <b>End time: </b>12:10:50
                     </div>
                     <div>
                        <b>Duration: </b>15 ms
                        
                     </div>
                  </div>
               </td>
            </tr>
            <tr>
               <td colspan="4" class="detailsBox">
                  <div id="TestCases.TestGift_50_TestgiftNewToNew_byClass_FAIL3_exception"
                       class="testMethodDetails">
                     <pre style="padding: 5px; margin: 0;">org.openqa.selenium.ElementNotVisibleException: element not visible
                        (Session info: chrome=39.0.2171.71)
                        (Driver info: chromedriver=2.9.248315,platform=Windows NT 6.1 x86) (WARNING: The server did not provide any stacktrace information)
                        Command duration or timeout: 0 milliseconds
                        Build info: version: '2.44.0', revision: '76d78cf', time: '2014-10-23 20:03:00'
                        System info: host: 'WIN-BVRET0KIAI3', ip: '192.168.58.130', os.name: 'Windows 7', os.arch: 'x86', os.version: '6.1', java.version:
                        '1.8.0_25'
                        Driver info: org.openqa.selenium.chrome.ChromeDriver
                        Capabilities [{applicationCacheEnabled=false, rotatable=false, chrome={userDataDir=C:\Users\JATIN\AppData\Local\Temp\scoped_dir3820_1141},
                        takesHeapSnapshot=true, databaseEnabled=false, handlesAlerts=true, version=39.0.2171.71, platform=XP, browserConnectionEnabled=false,
                        nativeEvents=true, acceptSslCerts=true, locationContextEnabled=true, webStorageEnabled=true, browserName=chrome, takesScreenshot=true,
                        javascriptEnabled=true, cssSelectorsEnabled=true}]
                        Session ID: 621a2920501b0a1a6f5c10b8077e5742
                        	at sun.reflect.NativeConstructorAccessorImpl.newInstance0(Native Method)
                        	at sun.reflect.NativeConstructorAccessorImpl.newInstance(Unknown Source)
                        	at sun.reflect.DelegatingConstructorAccessorImpl.newInstance(Unknown Source)
                        	at java.lang.reflect.Constructor.newInstance(Unknown Source)
                        	at org.openqa.selenium.remote.ErrorHandler.createThrowable(ErrorHandler.java:204)
                        	at org.openqa.selenium.remote.ErrorHandler.throwIfResponseFailed(ErrorHandler.java:156)
                        	at org.openqa.selenium.remote.RemoteWebDriver.execute(RemoteWebDriver.java:599)
                        	at org.openqa.selenium.remote.RemoteWebElement.execute(RemoteWebElement.java:268)
                        	at org.openqa.selenium.remote.RemoteWebElement.click(RemoteWebElement.java:79)
                        	at core.GiftNewToNew.giftNewUserToNewUser_50(GiftNewToNew.java:90)
                        	at TestCases.TestGift_50.TestgiftNewToNew(TestGift_50.java:44)
                        	at sun.reflect.NativeMethodAccessorImpl.invoke0(Native Method)
                        	at sun.reflect.NativeMethodAccessorImpl.invoke(Unknown Source)
                        	at sun.reflect.DelegatingMethodAccessorImpl.invoke(Unknown Source)
                        	at java.lang.reflect.Method.invoke(Unknown Source)
                        	at org.testng.internal.MethodInvocationHelper.invokeMethod(MethodInvocationHelper.java:84)
                        	at org.testng.internal.Invoker.invokeMethod(Invoker.java:714)
                        	at org.testng.internal.Invoker.invokeTestMethod(Invoker.java:901)
                        	at org.testng.internal.Invoker.invokeTestMethods(Invoker.java:1231)
                        	at org.testng.internal.TestMethodWorker.invokeTestMethods(TestMethodWorker.java:127)
                        	at org.testng.internal.TestMethodWorker.run(TestMethodWorker.java:111)
                        	at org.testng.TestRunner.privateRun(TestRunner.java:767)
                        	at org.testng.TestRunner.run(TestRunner.java:617)
                        	at org.testng.SuiteRunner.runTest(SuiteRunner.java:334)
                        	at org.testng.SuiteRunner.runSequentially(SuiteRunner.java:329)
                        	at org.testng.SuiteRunner.privateRun(SuiteRunner.java:291)
                        	at org.testng.SuiteRunner.run(SuiteRunner.java:240)
                        	at org.testng.SuiteRunnerWorker.runSuite(SuiteRunnerWorker.java:52)
                        	at org.testng.SuiteRunnerWorker.run(SuiteRunnerWorker.java:86)
                        	at org.testng.TestNG.runSuitesSequentially(TestNG.java:1224)
                        	at org.testng.TestNG.runSuitesLocally(TestNG.java:1149)
                        	at org.testng.TestNG.run(TestNG.java:1057)
                        	at org.testng.TestNG.privateMain(TestNG.java:1364)
                        	at org.testng.TestNG.main(TestNG.java:1333)
                     </pre>
                  </div>
               </td>
            </tr>
            <tr id="TestCases.TestGift_50_TestNewToExisting_byClass_FAIL4_row"
                class="testMethodStatusFAIL">
               <td width="100%" class="firstMethodCell">
                  <a onclick="toggleDetailsVisibility('TestCases.TestGift_50_TestNewToExisting_byClass_FAIL4_details')">TestNewToExisting()</a>
               </td>
               <td nowrap="true">12:10:50</td>
               <td nowrap="true" align="right">32 ms
                  
               </td>
               <td nowrap="true">
                  <a onclick="toggleDetailsVisibility('TestCases.TestGift_50_TestNewToExisting_byClass_FAIL4_exception')">org.openqa.selenium.ElementNotVisibleException: 
                     element not visible
                     (Session info: chrome=39.0.2171.71)
                     (Driver info: chromedriver=2.9.248315,platform=Windows NT 6.1 x86) (WARNING: The server did not provide any stacktrace information)
                     Command duration or timeout: 16 milliseconds
                     Build info: version: '2.44.0', revision: '76d78cf', time: '2014-10-23 20:03:00'
                     System info: host: 'WIN-BVRET0KIAI3', ip: '192.168.58.130', os.name: 'Windows 7', os.arch: 'x86', os.version: '6.1', java.version:
                     '1.8.0_25'
                     Driver info: org.openqa.selenium.chrome.ChromeDriver
                     Capabilities [{applicationCacheEnabled=false, rotatable=false, chrome={userDataDir=C:\Users\JATIN\AppData\Local\Temp\scoped_dir3820_1141},
                     takesHeapSnapshot=true, databaseEnabled=false, handlesAlerts=true, version=39.0.2171.71, platform=XP, browserConnectionEnabled=false,
                     nativeEvents=true, acceptSslCerts=true, locationContextEnabled=true, webStorageEnabled=true, browserName=chrome, takesScreenshot=true,
                     javascriptEnabled=true, cssSelectorsEnabled=true}]
                     Session ID: 621a2920501b0a1a6f5c10b8077e5742
                     
                  </a>
                   
                  
               </td>
            </tr>
            <tr>
               <td colspan="4" class="detailsBox">
                  <div id="TestCases.TestGift_50_TestNewToExisting_byClass_FAIL4_details"
                       class="testMethodDetails">
                     <div>
                        <b>Name: </b>TestNewToExisting
                     </div>
                     <div>
                        <b>Signature: </b>TestNewToExisting()[pri:0, instance:TestCases.TestGift_50@66d33a]
                     </div>
                     <div>
                        <b>Start time: </b>12:10:50
                     </div>
                     <div>
                        <b>End time: </b>12:10:50
                     </div>
                     <div>
                        <b>Duration: </b>32 ms
                        
                     </div>
                  </div>
               </td>
            </tr>
            <tr>
               <td colspan="4" class="detailsBox">
                  <div id="TestCases.TestGift_50_TestNewToExisting_byClass_FAIL4_exception"
                       class="testMethodDetails">
                     <pre style="padding: 5px; margin: 0;">org.openqa.selenium.ElementNotVisibleException: element not visible
                        (Session info: chrome=39.0.2171.71)
                        (Driver info: chromedriver=2.9.248315,platform=Windows NT 6.1 x86) (WARNING: The server did not provide any stacktrace information)
                        Command duration or timeout: 16 milliseconds
                        Build info: version: '2.44.0', revision: '76d78cf', time: '2014-10-23 20:03:00'
                        System info: host: 'WIN-BVRET0KIAI3', ip: '192.168.58.130', os.name: 'Windows 7', os.arch: 'x86', os.version: '6.1', java.version:
                        '1.8.0_25'
                        Driver info: org.openqa.selenium.chrome.ChromeDriver
                        Capabilities [{applicationCacheEnabled=false, rotatable=false, chrome={userDataDir=C:\Users\JATIN\AppData\Local\Temp\scoped_dir3820_1141},
                        takesHeapSnapshot=true, databaseEnabled=false, handlesAlerts=true, version=39.0.2171.71, platform=XP, browserConnectionEnabled=false,
                        nativeEvents=true, acceptSslCerts=true, locationContextEnabled=true, webStorageEnabled=true, browserName=chrome, takesScreenshot=true,
                        javascriptEnabled=true, cssSelectorsEnabled=true}]
                        Session ID: 621a2920501b0a1a6f5c10b8077e5742
                        	at sun.reflect.NativeConstructorAccessorImpl.newInstance0(Native Method)
                        	at sun.reflect.NativeConstructorAccessorImpl.newInstance(Unknown Source)
                        	at sun.reflect.DelegatingConstructorAccessorImpl.newInstance(Unknown Source)
                        	at java.lang.reflect.Constructor.newInstance(Unknown Source)
                        	at org.openqa.selenium.remote.ErrorHandler.createThrowable(ErrorHandler.java:204)
                        	at org.openqa.selenium.remote.ErrorHandler.throwIfResponseFailed(ErrorHandler.java:156)
                        	at org.openqa.selenium.remote.RemoteWebDriver.execute(RemoteWebDriver.java:599)
                        	at org.openqa.selenium.remote.RemoteWebElement.execute(RemoteWebElement.java:268)
                        	at org.openqa.selenium.remote.RemoteWebElement.click(RemoteWebElement.java:79)
                        	at core.GiftNewToExisting.giftNewUserToExistingUser_50(GiftNewToExisting.java:96)
                        	at TestCases.TestGift_50.TestNewToExisting(TestGift_50.java:55)
                        	at sun.reflect.NativeMethodAccessorImpl.invoke0(Native Method)
                        	at sun.reflect.NativeMethodAccessorImpl.invoke(Unknown Source)
                        	at sun.reflect.DelegatingMethodAccessorImpl.invoke(Unknown Source)
                        	at java.lang.reflect.Method.invoke(Unknown Source)
                        	at org.testng.internal.MethodInvocationHelper.invokeMethod(MethodInvocationHelper.java:84)
                        	at org.testng.internal.Invoker.invokeMethod(Invoker.java:714)
                        	at org.testng.internal.Invoker.invokeTestMethod(Invoker.java:901)
                        	at org.testng.internal.Invoker.invokeTestMethods(Invoker.java:1231)
                        	at org.testng.internal.TestMethodWorker.invokeTestMethods(TestMethodWorker.java:127)
                        	at org.testng.internal.TestMethodWorker.run(TestMethodWorker.java:111)
                        	at org.testng.TestRunner.privateRun(TestRunner.java:767)
                        	at org.testng.TestRunner.run(TestRunner.java:617)
                        	at org.testng.SuiteRunner.runTest(SuiteRunner.java:334)
                        	at org.testng.SuiteRunner.runSequentially(SuiteRunner.java:329)
                        	at org.testng.SuiteRunner.privateRun(SuiteRunner.java:291)
                        	at org.testng.SuiteRunner.run(SuiteRunner.java:240)
                        	at org.testng.SuiteRunnerWorker.runSuite(SuiteRunnerWorker.java:52)
                        	at org.testng.SuiteRunnerWorker.run(SuiteRunnerWorker.java:86)
                        	at org.testng.TestNG.runSuitesSequentially(TestNG.java:1224)
                        	at org.testng.TestNG.runSuitesLocally(TestNG.java:1149)
                        	at org.testng.TestNG.run(TestNG.java:1057)
                        	at org.testng.TestNG.privateMain(TestNG.java:1364)
                        	at org.testng.TestNG.main(TestNG.java:1333)
                     </pre>
                  </div>
               </td>
            </tr>
            <tr id="TestCases.TestGift_50_TestExistingToNew_Login_byClass_FAIL5_row"
                class="testMethodStatusFAIL">
               <td width="100%" class="firstMethodCell">
                  <a onclick="toggleDetailsVisibility('TestCases.TestGift_50_TestExistingToNew_Login_byClass_FAIL5_details')">TestExistingToNew_Login()</a>
               </td>
               <td nowrap="true">12:10:50</td>
               <td nowrap="true" align="right">3s
                  
               </td>
               <td nowrap="true">
                  <a onclick="toggleDetailsVisibility('TestCases.TestGift_50_TestExistingToNew_Login_byClass_FAIL5_exception')">org.openqa.selenium.ElementNotVisibleException: 
                     element not visible
                     (Session info: chrome=39.0.2171.71)
                     (Driver info: chromedriver=2.9.248315,platform=Windows NT 6.1 x86) (WARNING: The server did not provide any stacktrace information)
                     Command duration or timeout: 16 milliseconds
                     Build info: version: '2.44.0', revision: '76d78cf', time: '2014-10-23 20:03:00'
                     System info: host: 'WIN-BVRET0KIAI3', ip: '192.168.58.130', os.name: 'Windows 7', os.arch: 'x86', os.version: '6.1', java.version:
                     '1.8.0_25'
                     Driver info: org.openqa.selenium.chrome.ChromeDriver
                     Capabilities [{applicationCacheEnabled=false, rotatable=false, chrome={userDataDir=C:\Users\JATIN\AppData\Local\Temp\scoped_dir3820_1141},
                     takesHeapSnapshot=true, databaseEnabled=false, handlesAlerts=true, version=39.0.2171.71, platform=XP, browserConnectionEnabled=false,
                     nativeEvents=true, acceptSslCerts=true, locationContextEnabled=true, webStorageEnabled=true, browserName=chrome, takesScreenshot=true,
                     javascriptEnabled=true, cssSelectorsEnabled=true}]
                     Session ID: 621a2920501b0a1a6f5c10b8077e5742
                     
                  </a>
                   
                  
               </td>
            </tr>
            <tr>
               <td colspan="4" class="detailsBox">
                  <div id="TestCases.TestGift_50_TestExistingToNew_Login_byClass_FAIL5_details"
                       class="testMethodDetails">
                     <div>
                        <b>Name: </b>TestExistingToNew_Login
                     </div>
                     <div>
                        <b>Signature: </b>TestExistingToNew_Login()[pri:0, instance:TestCases.TestGift_50@66d33a]
                     </div>
                     <div>
                        <b>Start time: </b>12:10:50
                     </div>
                     <div>
                        <b>End time: </b>12:10:53
                     </div>
                     <div>
                        <b>Duration: </b>3s
                        
                     </div>
                  </div>
               </td>
            </tr>
            <tr>
               <td colspan="4" class="detailsBox">
                  <div id="TestCases.TestGift_50_TestExistingToNew_Login_byClass_FAIL5_exception"
                       class="testMethodDetails">
                     <pre style="padding: 5px; margin: 0;">org.openqa.selenium.ElementNotVisibleException: element not visible
                        (Session info: chrome=39.0.2171.71)
                        (Driver info: chromedriver=2.9.248315,platform=Windows NT 6.1 x86) (WARNING: The server did not provide any stacktrace information)
                        Command duration or timeout: 16 milliseconds
                        Build info: version: '2.44.0', revision: '76d78cf', time: '2014-10-23 20:03:00'
                        System info: host: 'WIN-BVRET0KIAI3', ip: '192.168.58.130', os.name: 'Windows 7', os.arch: 'x86', os.version: '6.1', java.version:
                        '1.8.0_25'
                        Driver info: org.openqa.selenium.chrome.ChromeDriver
                        Capabilities [{applicationCacheEnabled=false, rotatable=false, chrome={userDataDir=C:\Users\JATIN\AppData\Local\Temp\scoped_dir3820_1141},
                        takesHeapSnapshot=true, databaseEnabled=false, handlesAlerts=true, version=39.0.2171.71, platform=XP, browserConnectionEnabled=false,
                        nativeEvents=true, acceptSslCerts=true, locationContextEnabled=true, webStorageEnabled=true, browserName=chrome, takesScreenshot=true,
                        javascriptEnabled=true, cssSelectorsEnabled=true}]
                        Session ID: 621a2920501b0a1a6f5c10b8077e5742
                        	at sun.reflect.NativeConstructorAccessorImpl.newInstance0(Native Method)
                        	at sun.reflect.NativeConstructorAccessorImpl.newInstance(Unknown Source)
                        	at sun.reflect.DelegatingConstructorAccessorImpl.newInstance(Unknown Source)
                        	at java.lang.reflect.Constructor.newInstance(Unknown Source)
                        	at org.openqa.selenium.remote.ErrorHandler.createThrowable(ErrorHandler.java:204)
                        	at org.openqa.selenium.remote.ErrorHandler.throwIfResponseFailed(ErrorHandler.java:156)
                        	at org.openqa.selenium.remote.RemoteWebDriver.execute(RemoteWebDriver.java:599)
                        	at org.openqa.selenium.remote.RemoteWebElement.execute(RemoteWebElement.java:268)
                        	at org.openqa.selenium.remote.RemoteWebElement.click(RemoteWebElement.java:79)
                        	at core.Login.do_login(Login.java:24)
                        	at TestCases.TestGift_50.TestExistingToNew_Login(TestGift_50.java:68)
                        	at sun.reflect.NativeMethodAccessorImpl.invoke0(Native Method)
                        	at sun.reflect.NativeMethodAccessorImpl.invoke(Unknown Source)
                        	at sun.reflect.DelegatingMethodAccessorImpl.invoke(Unknown Source)
                        	at java.lang.reflect.Method.invoke(Unknown Source)
                        	at org.testng.internal.MethodInvocationHelper.invokeMethod(MethodInvocationHelper.java:84)
                        	at org.testng.internal.Invoker.invokeMethod(Invoker.java:714)
                        	at org.testng.internal.Invoker.invokeTestMethod(Invoker.java:901)
                        	at org.testng.internal.Invoker.invokeTestMethods(Invoker.java:1231)
                        	at org.testng.internal.TestMethodWorker.invokeTestMethods(TestMethodWorker.java:127)
                        	at org.testng.internal.TestMethodWorker.run(TestMethodWorker.java:111)
                        	at org.testng.TestRunner.privateRun(TestRunner.java:767)
                        	at org.testng.TestRunner.run(TestRunner.java:617)
                        	at org.testng.SuiteRunner.runTest(SuiteRunner.java:334)
                        	at org.testng.SuiteRunner.runSequentially(SuiteRunner.java:329)
                        	at org.testng.SuiteRunner.privateRun(SuiteRunner.java:291)
                        	at org.testng.SuiteRunner.run(SuiteRunner.java:240)
                        	at org.testng.SuiteRunnerWorker.runSuite(SuiteRunnerWorker.java:52)
                        	at org.testng.SuiteRunnerWorker.run(SuiteRunnerWorker.java:86)
                        	at org.testng.TestNG.runSuitesSequentially(TestNG.java:1224)
                        	at org.testng.TestNG.runSuitesLocally(TestNG.java:1149)
                        	at org.testng.TestNG.run(TestNG.java:1057)
                        	at org.testng.TestNG.privateMain(TestNG.java:1364)
                        	at org.testng.TestNG.main(TestNG.java:1333)
                     </pre>
                  </div>
               </td>
            </tr>
            <tr id="TestCases.TestGift_50_TestExistingToExisting_Login_byClass_FAIL6_row"
                class="testMethodStatusFAIL">
               <td width="100%" class="firstMethodCell">
                  <a onclick="toggleDetailsVisibility('TestCases.TestGift_50_TestExistingToExisting_Login_byClass_FAIL6_details')">TestExistingToExisting_Login()</a>
               </td>
               <td nowrap="true">12:10:53</td>
               <td nowrap="true" align="right">3s
                  
               </td>
               <td nowrap="true">
                  <a onclick="toggleDetailsVisibility('TestCases.TestGift_50_TestExistingToExisting_Login_byClass_FAIL6_exception')">org.openqa.selenium.ElementNotVisibleException: 
                     element not visible
                     (Session info: chrome=39.0.2171.71)
                     (Driver info: chromedriver=2.9.248315,platform=Windows NT 6.1 x86) (WARNING: The server did not provide any stacktrace information)
                     Command duration or timeout: 16 milliseconds
                     Build info: version: '2.44.0', revision: '76d78cf', time: '2014-10-23 20:03:00'
                     System info: host: 'WIN-BVRET0KIAI3', ip: '192.168.58.130', os.name: 'Windows 7', os.arch: 'x86', os.version: '6.1', java.version:
                     '1.8.0_25'
                     Driver info: org.openqa.selenium.chrome.ChromeDriver
                     Capabilities [{applicationCacheEnabled=false, rotatable=false, chrome={userDataDir=C:\Users\JATIN\AppData\Local\Temp\scoped_dir3820_1141},
                     takesHeapSnapshot=true, databaseEnabled=false, handlesAlerts=true, version=39.0.2171.71, platform=XP, browserConnectionEnabled=false,
                     nativeEvents=true, acceptSslCerts=true, locationContextEnabled=true, webStorageEnabled=true, browserName=chrome, takesScreenshot=true,
                     javascriptEnabled=true, cssSelectorsEnabled=true}]
                     Session ID: 621a2920501b0a1a6f5c10b8077e5742
                     
                  </a>
                   
                  
               </td>
            </tr>
            <tr>
               <td colspan="4" class="detailsBox">
                  <div id="TestCases.TestGift_50_TestExistingToExisting_Login_byClass_FAIL6_details"
                       class="testMethodDetails">
                     <div>
                        <b>Name: </b>TestExistingToExisting_Login
                     </div>
                     <div>
                        <b>Signature: </b>TestExistingToExisting_Login()[pri:0, instance:TestCases.TestGift_50@66d33a]
                     </div>
                     <div>
                        <b>Start time: </b>12:10:53
                     </div>
                     <div>
                        <b>End time: </b>12:10:56
                     </div>
                     <div>
                        <b>Duration: </b>3s
                        
                     </div>
                  </div>
               </td>
            </tr>
            <tr>
               <td colspan="4" class="detailsBox">
                  <div id="TestCases.TestGift_50_TestExistingToExisting_Login_byClass_FAIL6_exception"
                       class="testMethodDetails">
                     <pre style="padding: 5px; margin: 0;">org.openqa.selenium.ElementNotVisibleException: element not visible
                        (Session info: chrome=39.0.2171.71)
                        (Driver info: chromedriver=2.9.248315,platform=Windows NT 6.1 x86) (WARNING: The server did not provide any stacktrace information)
                        Command duration or timeout: 16 milliseconds
                        Build info: version: '2.44.0', revision: '76d78cf', time: '2014-10-23 20:03:00'
                        System info: host: 'WIN-BVRET0KIAI3', ip: '192.168.58.130', os.name: 'Windows 7', os.arch: 'x86', os.version: '6.1', java.version:
                        '1.8.0_25'
                        Driver info: org.openqa.selenium.chrome.ChromeDriver
                        Capabilities [{applicationCacheEnabled=false, rotatable=false, chrome={userDataDir=C:\Users\JATIN\AppData\Local\Temp\scoped_dir3820_1141},
                        takesHeapSnapshot=true, databaseEnabled=false, handlesAlerts=true, version=39.0.2171.71, platform=XP, browserConnectionEnabled=false,
                        nativeEvents=true, acceptSslCerts=true, locationContextEnabled=true, webStorageEnabled=true, browserName=chrome, takesScreenshot=true,
                        javascriptEnabled=true, cssSelectorsEnabled=true}]
                        Session ID: 621a2920501b0a1a6f5c10b8077e5742
                        	at sun.reflect.NativeConstructorAccessorImpl.newInstance0(Native Method)
                        	at sun.reflect.NativeConstructorAccessorImpl.newInstance(Unknown Source)
                        	at sun.reflect.DelegatingConstructorAccessorImpl.newInstance(Unknown Source)
                        	at java.lang.reflect.Constructor.newInstance(Unknown Source)
                        	at org.openqa.selenium.remote.ErrorHandler.createThrowable(ErrorHandler.java:204)
                        	at org.openqa.selenium.remote.ErrorHandler.throwIfResponseFailed(ErrorHandler.java:156)
                        	at org.openqa.selenium.remote.RemoteWebDriver.execute(RemoteWebDriver.java:599)
                        	at org.openqa.selenium.remote.RemoteWebElement.execute(RemoteWebElement.java:268)
                        	at org.openqa.selenium.remote.RemoteWebElement.click(RemoteWebElement.java:79)
                        	at core.Login.do_login(Login.java:24)
                        	at TestCases.TestGift_50.TestExistingToExisting_Login(TestGift_50.java:82)
                        	at sun.reflect.NativeMethodAccessorImpl.invoke0(Native Method)
                        	at sun.reflect.NativeMethodAccessorImpl.invoke(Unknown Source)
                        	at sun.reflect.DelegatingMethodAccessorImpl.invoke(Unknown Source)
                        	at java.lang.reflect.Method.invoke(Unknown Source)
                        	at org.testng.internal.MethodInvocationHelper.invokeMethod(MethodInvocationHelper.java:84)
                        	at org.testng.internal.Invoker.invokeMethod(Invoker.java:714)
                        	at org.testng.internal.Invoker.invokeTestMethod(Invoker.java:901)
                        	at org.testng.internal.Invoker.invokeTestMethods(Invoker.java:1231)
                        	at org.testng.internal.TestMethodWorker.invokeTestMethods(TestMethodWorker.java:127)
                        	at org.testng.internal.TestMethodWorker.run(TestMethodWorker.java:111)
                        	at org.testng.TestRunner.privateRun(TestRunner.java:767)
                        	at org.testng.TestRunner.run(TestRunner.java:617)
                        	at org.testng.SuiteRunner.runTest(SuiteRunner.java:334)
                        	at org.testng.SuiteRunner.runSequentially(SuiteRunner.java:329)
                        	at org.testng.SuiteRunner.privateRun(SuiteRunner.java:291)
                        	at org.testng.SuiteRunner.run(SuiteRunner.java:240)
                        	at org.testng.SuiteRunnerWorker.runSuite(SuiteRunnerWorker.java:52)
                        	at org.testng.SuiteRunnerWorker.run(SuiteRunnerWorker.java:86)
                        	at org.testng.TestNG.runSuitesSequentially(TestNG.java:1224)
                        	at org.testng.TestNG.runSuitesLocally(TestNG.java:1149)
                        	at org.testng.TestNG.run(TestNG.java:1057)
                        	at org.testng.TestNG.privateMain(TestNG.java:1364)
                        	at org.testng.TestNG.main(TestNG.java:1333)
                     </pre>
                  </div>
               </td>
            </tr>
         </table>
         <br></br>
      </div>
      <div style="margin-top: 15px; color: gray; text-align: center; font-size: 9px;">
         Generated with
         
         <a href="http://code.google.com/p/testng-xslt/" style="color: #8888aa;"
            target="_blank">
            TestNG XSLT
            
         </a>
      </div>
   </body>
</html>