<?xml version="1.0" encoding="UTF-8"?>
<!-- Generated by org.testng.reporters.JUnitXMLReporter -->
<testsuite hostname="WIN-BVRET0KIAI3" name="Any Amount Gift Card test" tests="6" failures="1" timestamp="1 Dec 2014 11:27:53 GMT" time="188.083" errors="0">
  <testcase name="TestgiftExistingToNewRandom" time="29.18" classname="TestCases.TestGift_AnyAmount"/>
  <testcase name="TestgiftExistingToExistingRandom" time="34.301" classname="TestCases.TestGift_AnyAmount"/>
  <testcase name="TestgiftNewToNewRandom" time="29.08" classname="TestCases.TestGift_AnyAmount"/>
  <testcase name="TestNewToExistingRandom" time="31.165" classname="TestCases.TestGift_AnyAmount"/>
  <testcase name="TestExistingToNew_LoginRandom" time="41.684" classname="TestCases.TestGift_AnyAmount"/>
  <testcase name="TestExistingToExisting_LoginRandom" time="22.673" classname="TestCases.TestGift_AnyAmount">
    <failure type="org.openqa.selenium.WebDriverException" message="unknown error: keys should be a string
  (Session info: chrome=39.0.2171.71)
  (Driver info: chromedriver=2.9.248315,platform=Windows NT 6.1 x86) (WARNING: The server did not provide any stacktrace information)
Command duration or timeout: 82 milliseconds
Build info: version: &amp;apos;2.44.0&amp;apos;, revision: &amp;apos;76d78cf&amp;apos;, time: &amp;apos;2014-10-23 20:03:00&amp;apos;
System info: host: &amp;apos;WIN-BVRET0KIAI3&amp;apos;, ip: &amp;apos;192.168.58.130&amp;apos;, os.name: &amp;apos;Windows 7&amp;apos;, os.arch: &amp;apos;x86&amp;apos;, os.version: &amp;apos;6.1&amp;apos;, java.version: &amp;apos;1.8.0_25&amp;apos;
Driver info: org.openqa.selenium.chrome.ChromeDriver
Capabilities [{applicationCacheEnabled=false, rotatable=false, chrome={userDataDir=C:\Users\JATIN\AppData\Local\Temp\scoped_dir3340_30086}, takesHeapSnapshot=true, databaseEnabled=false, handlesAlerts=true, version=39.0.2171.71, platform=XP, browserConnectionEnabled=false, nativeEvents=true, acceptSslCerts=true, locationContextEnabled=true, webStorageEnabled=true, browserName=chrome, takesScreenshot=true, javascriptEnabled=true, cssSelectorsEnabled=true}]
Session ID: ec76d5d6179b22ab560f87a24d2b319d">
      <![CDATA[org.openqa.selenium.WebDriverException: unknown error: keys should be a string
  (Session info: chrome=39.0.2171.71)
  (Driver info: chromedriver=2.9.248315,platform=Windows NT 6.1 x86) (WARNING: The server did not provide any stacktrace information)
Command duration or timeout: 82 milliseconds
Build info: version: '2.44.0', revision: '76d78cf', time: '2014-10-23 20:03:00'
System info: host: 'WIN-BVRET0KIAI3', ip: '192.168.58.130', os.name: 'Windows 7', os.arch: 'x86', os.version: '6.1', java.version: '1.8.0_25'
Driver info: org.openqa.selenium.chrome.ChromeDriver
Capabilities [{applicationCacheEnabled=false, rotatable=false, chrome={userDataDir=C:\Users\JATIN\AppData\Local\Temp\scoped_dir3340_30086}, takesHeapSnapshot=true, databaseEnabled=false, handlesAlerts=true, version=39.0.2171.71, platform=XP, browserConnectionEnabled=false, nativeEvents=true, acceptSslCerts=true, locationContextEnabled=true, webStorageEnabled=true, browserName=chrome, takesScreenshot=true, javascriptEnabled=true, cssSelectorsEnabled=true}]
Session ID: ec76d5d6179b22ab560f87a24d2b319d
	at org.openqa.selenium.remote.ErrorHandler.createThrowable(ErrorHandler.java:204)
	at org.openqa.selenium.remote.ErrorHandler.throwIfResponseFailed(ErrorHandler.java:156)
	at org.openqa.selenium.remote.RemoteWebDriver.execute(RemoteWebDriver.java:599)
	at org.openqa.selenium.remote.RemoteWebElement.execute(RemoteWebElement.java:268)
	at org.openqa.selenium.remote.RemoteWebElement.sendKeys(RemoteWebElement.java:89)
	at core.GiftExistingToExisting_Login.giftExistingUserToExistingUser_Login_Random(GiftExistingToExisting_Login.java:131)
	at TestCases.TestGift_AnyAmount.TestExistingToExisting_LoginRandom(TestGift_AnyAmount.java:83)
... Removed 27 stack frames]]>
    </failure>
  </testcase> <!-- TestExistingToExisting_LoginRandom -->
</testsuite> <!-- Any Amount Gift Card test -->
